<?xml version="1.0" encoding="UTF-8"?>
<!-- Generated by org.testng.reporters.JUnitReportReporter -->
<testsuite hostname="PC-PNikolov" failures="0" tests="1" name="Runners.TestNG.RunDelasportTest" time="15.339" errors="0" timestamp="2024-09-25T18:50:04 EEST" skipped="0">
  <testcase classname="Runners.TestNG.RunDelasportTest" name="runScenario" time="15.339"/>
</testsuite> <!-- Runners.TestNG.RunDelasportTest -->
